<?xml version="1.0" encoding="UTF-8"?>
<!-- Generated by org.testng.reporters.JUnitXMLReporter -->
<testsuite hostname="liana-pc" ignored="0" name="Test2" tests="14" failures="6" timestamp="06 May 2017 15:12:37 GMT" time="143.397" errors="0">
  <testcase name="validateAddWorks" time="9.782" classname="Test.CategoriesTest.CategoriesPageTest"/>
  <testcase name="validateCreateWorks" time="21.685" classname="Test.HBBusinessTest.HBBusinessPageTest">
    <failure type="java.lang.AssertionError" message="expected [true] but found [false]">
      <![CDATA[java.lang.AssertionError: expected [true] but found [false]
	at Test.HBBusinessTest.HBBusinessPageTest.validateCreateWorks(HBBusinessPageTest.java:40)
... Removed 32 stack frames]]>
    </failure>
  </testcase> <!-- validateCreateWorks -->
  <testcase name="validateEditWorks" time="8.648" classname="Test.CategoriesTest.CategoriesPageTest"/>
  <testcase name="validateOpenWorks" time="3.334" classname="Test.CategoriesTest.CategoriesPageTest"/>
  <testcase name="validateRightEditPageOpened" time="4.032" classname="Test.CategoriesTest.CategoriesPageTest"/>
  <testcase name="validateSearchWorks" time="0.806" classname="Test.CategoriesTest.CategoriesPageTest"/>
  <testcase name="validateEditWorks" time="0.205" classname="Test.HBBusinessTest.HBBusinessPageTest">
    <failure type="java.lang.NullPointerException">
      <![CDATA[java.lang.NullPointerException
	at Test.HBBusinessTest.HBBusinessPageTest.validateEditWorks(HBBusinessPageTest.java:99)
... Removed 28 stack frames]]>
    </failure>
  </testcase> <!-- validateEditWorks -->
  <testcase name="validateImageFieldIsNotEmpty" time="13.238" classname="Test.HBBusinessTest.HBBusinessPageTest"/>
  <testcase name="validateNameFieldIsNotEmpty" time="0.993" classname="Test.HBBusinessTest.HBBusinessPageTest"/>
  <testcase name="validateOpenWorks" time="0.772" classname="Test.HBBusinessTest.HBBusinessPageTest">
    <failure type="java.lang.AssertionError" message="expected [true] but found [false]">
      <![CDATA[java.lang.AssertionError: expected [true] but found [false]
	at Test.HBBusinessTest.HBBusinessPageTest.validateOpenWorks(HBBusinessPageTest.java:60)
... Removed 32 stack frames]]>
    </failure>
  </testcase> <!-- validateOpenWorks -->
  <testcase name="validateRightEditPageOpened" time="0.212" classname="Test.HBBusinessTest.HBBusinessPageTest">
    <failure type="java.lang.NullPointerException">
      <![CDATA[java.lang.NullPointerException
	at Test.HBBusinessTest.HBBusinessPageTest.validateRightEditPageOpened(HBBusinessPageTest.java:85)
... Removed 28 stack frames]]>
    </failure>
  </testcase> <!-- validateRightEditPageOpened -->
  <testcase name="validateSearchWorks" time="0.851" classname="Test.HBBusinessTest.HBBusinessPageTest">
    <failure type="java.lang.AssertionError" message="expected [true] but found [false]">
      <![CDATA[java.lang.AssertionError: expected [true] but found [false]
	at Test.HBBusinessTest.HBBusinessPageTest.validateSearchWorks(HBBusinessPageTest.java:55)
... Removed 32 stack frames]]>
    </failure>
  </testcase> <!-- validateSearchWorks -->
  <testcase name="validateDeleteWorks" time="4.412" classname="Test.CategoriesTest.CategoriesPageTest"/>
  <testcase name="validateDeleteWorks" time="0.75" classname="Test.HBBusinessTest.HBBusinessPageTest">
    <failure type="java.lang.AssertionError" message="expected [true] but found [false]">
      <![CDATA[java.lang.AssertionError: expected [true] but found [false]
	at Test.HBBusinessTest.HBBusinessPageTest.validateDeleteWorks(HBBusinessPageTest.java:46)
... Removed 32 stack frames]]>
    </failure>
  </testcase> <!-- validateDeleteWorks -->
</testsuite> <!-- Test2 -->
