<?xml version="1.0" encoding="UTF-8"?>
<!-- Generated by org.testng.reporters.JUnitXMLReporter -->
<testsuite hostname="liana-pc" ignored="0" name="Test" tests="5" failures="0" timestamp="06 May 2017 16:06:56 GMT" time="34.591" errors="0">
  <testcase name="validateFieldCheckIsDone" time="1.355" classname="Test.LoginTest.LoginPageTest"/>
  <testcase name="validateFieldCheckIsDone" time="1.39" classname="Test.LoginTest.LoginPageTest"/>
  <testcase name="validateFieldCheckIsDone" time="1.554" classname="Test.LoginTest.LoginPageTest"/>
  <testcase name="validateFieldCheckIsDone" time="1.367" classname="Test.LoginTest.LoginPageTest"/>
  <testcase name="validateLoginWorks" time="1.871" classname="Test.LoginTest.LoginPageTest"/>
</testsuite> <!-- Test -->
